<?xml version="1.0" encoding="UTF-8"?>
<!-- Generated by org.testng.reporters.JUnitReportReporter -->
<testsuite hostname="DESKTOP-SMCC0FQ" failures="0" tests="4" name="TestCases.LoginTest" time="17.903" errors="0" timestamp="2024-01-08T12:59:51 IST" skipped="0">
  <testcase classname="TestCases.LoginTest" name="loginTestCase" time="5.774"/>
  <system-out/>
  <testcase classname="TestCases.LoginTest" name="loginWithWrongPassword" time="4.198"/>
  <system-out/>
  <testcase classname="TestCases.LoginTest" name="loginWithWrongCredentials" time="3.974"/>
  <system-out/>
  <testcase classname="TestCases.LoginTest" name="loginWithWrongUsername" time="3.957"/>
  <system-out/>
</testsuite> <!-- TestCases.LoginTest -->
