<?xml version="1.0" encoding="UTF-8"?>
<!-- Generated by org.testng.reporters.JUnitReportReporter -->
<testsuite hostname="DESKTOP-SMCC0FQ" failures="0" tests="4" name="TestCases.LoginTest" time="18.913" errors="0" timestamp="2024-01-09T16:30:45 IST" skipped="0">
  <testcase classname="TestCases.LoginTest" name="loginWithWrongCredentials" time="4.410"/>
  <system-out/>
  <testcase classname="TestCases.LoginTest" name="loginWithWrongPassword" time="3.725"/>
  <system-out/>
  <testcase classname="TestCases.LoginTest" name="loginWithWrongUsername" time="4.249"/>
  <system-out/>
  <testcase classname="TestCases.LoginTest" name="loginTestCase" time="6.529"/>
  <system-out/>
</testsuite> <!-- TestCases.LoginTest -->
