<?xml version="1.0" encoding="UTF-8"?>
<!-- Generated by org.testng.reporters.JUnitReportReporter -->
<testsuite hostname="DESKTOP-SMCC0FQ" failures="0" tests="1" name="SauceDemo.SaucceDemo.VerifyProductRemove2" time="11.823" errors="0" timestamp="2024-01-05T15:16:25 IST" skipped="0">
  <testcase classname="SauceDemo.SaucceDemo.VerifyProductRemove2" name="RemoveProduct" time="11.823"/>
  <system-out/>
</testsuite> <!-- SauceDemo.SaucceDemo.VerifyProductRemove2 -->
