<?xml version="1.0" encoding="UTF-8"?>
<!-- Generated by org.testng.reporters.JUnitReportReporter -->
<testsuite hostname="DESKTOP-SMCC0FQ" failures="0" tests="1" name="TestCases.VerifySingleProduct" time="17.001" errors="0" timestamp="2024-01-08T12:59:51 IST" skipped="0">
  <testcase classname="TestCases.VerifySingleProduct" name="PurchaseProduct" time="17.001"/>
  <system-out/>
</testsuite> <!-- TestCases.VerifySingleProduct -->
