<?xml version="1.0" encoding="UTF-8"?>
<!-- Generated by org.testng.reporters.JUnitReportReporter -->
<testsuite hostname="DESKTOP-SMCC0FQ" failures="0" tests="1" name="TestCases.LoginTest" time="5.563" errors="0" timestamp="2024-01-05T14:41:07 IST" skipped="0">
  <testcase classname="TestCases.LoginTest" name="loginTestCase" time="5.563"/>
  <system-out/>
</testsuite> <!-- TestCases.LoginTest -->
