<?xml version="1.0" encoding="UTF-8"?>
<!-- Generated by org.testng.reporters.JUnitReportReporter -->
<testsuite hostname="DESKTOP-SMCC0FQ" failures="0" tests="3" name="TestCases.LoginTest" time="14.485" errors="0" timestamp="2024-01-08T11:47:56 IST" skipped="0">
  <testcase classname="TestCases.LoginTest" name="loginWithWrongUsername" time="5.281"/>
  <system-out/>
  <testcase classname="TestCases.LoginTest" name="loginWithWrongPassword" time="4.251"/>
  <system-out/>
  <testcase classname="TestCases.LoginTest" name="loginTestCase" time="4.953"/>
  <system-out/>
</testsuite> <!-- TestCases.LoginTest -->
