<?xml version="1.0" encoding="UTF-8"?>
<!-- Generated by org.testng.reporters.JUnitReportReporter -->
<testsuite hostname="DESKTOP-SMCC0FQ" failures="0" tests="1" name="TestCases.LoginTest" time="4.743" errors="0" timestamp="2024-01-08T12:24:45 IST" skipped="0">
  <testcase classname="TestCases.LoginTest" name="loginWithWrongCredentials" time="4.743"/>
  <system-out/>
</testsuite> <!-- TestCases.LoginTest -->
