<?xml version="1.0" encoding="UTF-8"?>
<!-- Generated by org.testng.reporters.JUnitReportReporter -->
<testsuite hostname="DESKTOP-SMCC0FQ" failures="0" tests="1" name="TestCases.VerifyProductRemove" time="10.336" errors="0" timestamp="2024-01-05T15:46:24 IST" skipped="0">
  <testcase classname="TestCases.VerifyProductRemove" name="RemoveProduct" time="10.336"/>
  <system-out/>
</testsuite> <!-- TestCases.VerifyProductRemove -->
