<?xml version="1.0" encoding="UTF-8"?>
<!-- Generated by org.testng.reporters.JUnitReportReporter -->
<testsuite hostname="DESKTOP-SMCC0FQ" failures="0" tests="1" name="TestCases.ProductItemTest" time="11.697" errors="0" timestamp="2024-01-08T16:11:18 IST" skipped="0">
  <testcase classname="TestCases.ProductItemTest" name="ProductTest" time="11.697"/>
  <system-out/>
</testsuite> <!-- TestCases.ProductItemTest -->
