<?xml version="1.0" encoding="UTF-8"?>
<!-- Generated by org.testng.reporters.JUnitReportReporter -->
<testsuite hostname="DESKTOP-SMCC0FQ" failures="0" tests="1" name="TestCases.VerifyProductRemove2" time="11.558" errors="0" timestamp="2024-01-05T15:30:36 IST" skipped="0">
  <testcase classname="TestCases.VerifyProductRemove2" name="RemoveProduct" time="11.558"/>
  <system-out/>
</testsuite> <!-- TestCases.VerifyProductRemove2 -->
